\BOOKMARK [0][]{chapter.1}{1 Architecture}{}% 1
\BOOKMARK [1][-]{section.1.1}{1.1 Overall system}{chapter.1}% 2
\BOOKMARK [1][-]{section.1.2}{1.2 MVC}{chapter.1}% 3
\BOOKMARK [1][-]{section.1.3}{1.3 Web Interface}{chapter.1}% 4
\BOOKMARK [1][-]{section.1.4}{1.4 Web Service}{chapter.1}% 5
\BOOKMARK [0][]{chapter.2}{2 Introduction}{}% 6
\BOOKMARK [1][-]{section.2.1}{2.1 Motivation}{chapter.2}% 7
\BOOKMARK [1][-]{section.2.2}{2.2 Research Questions}{chapter.2}% 8
\BOOKMARK [1][-]{section.2.3}{2.3 Objective and Aims}{chapter.2}% 9
\BOOKMARK [1][-]{section.2.4}{2.4 Report Structure}{chapter.2}% 10
\BOOKMARK [0][]{chapter.3}{3 Related Work}{}% 11
\BOOKMARK [1][-]{section.3.1}{3.1 Name matching}{chapter.3}% 12
\BOOKMARK [2][-]{subsection.3.1.1}{3.1.1 Edit distance}{section.3.1}% 13
\BOOKMARK [2][-]{subsection.3.1.2}{3.1.2 Soundex}{section.3.1}% 14
\BOOKMARK [2][-]{subsection.3.1.3}{3.1.3 Lookup Table}{section.3.1}% 15
\BOOKMARK [1][-]{section.3.2}{3.2 Web service}{chapter.3}% 16
\BOOKMARK [1][-]{section.3.3}{3.3 Extensible framework}{chapter.3}% 17
\BOOKMARK [0][]{chapter.4}{4 Name matching algorithms}{}% 18
\BOOKMARK [1][-]{section.4.1}{4.1 Levenshtein distance}{chapter.4}% 19
\BOOKMARK [1][-]{section.4.2}{4.2 Soundex}{chapter.4}% 20
\BOOKMARK [1][-]{section.4.3}{4.3 Irish soundex}{chapter.4}% 21
\BOOKMARK [1][-]{section.4.4}{4.4 Lookup table}{chapter.4}% 22
\BOOKMARK [0][]{dummy.1}{Bibliography}{}% 23
