=== puma startup: 2015-06-01 14:09:02 -0400 ===
2015-06-01 14:11:33 -0400: Rack app error: #<RuntimeError: Missing `secret_token` and `secret_key_base` for 'production' environment, set these values in `config/secrets.yml`>
/home/phatograph/.rbenv/versions/2.2.1/lib/ruby/gems/2.2.0/gems/railties-4.2.0/lib/rails/application.rb:520:in `validate_secret_key_config!'
/home/phatograph/.rbenv/versions/2.2.1/lib/ruby/gems/2.2.0/gems/railties-4.2.0/lib/rails/application.rb:246:in `env_config'
/home/phatograph/.rbenv/versions/2.2.1/lib/ruby/gems/2.2.0/gems/railties-4.2.0/lib/rails/engine.rb:514:in `call'
/home/phatograph/.rbenv/versions/2.2.1/lib/ruby/gems/2.2.0/gems/railties-4.2.0/lib/rails/application.rb:164:in `call'
/home/phatograph/.rbenv/versions/2.2.1/lib/ruby/gems/2.2.0/gems/puma-2.11.3/lib/puma/configuration.rb:51:in `call'
/home/phatograph/.rbenv/versions/2.2.1/lib/ruby/gems/2.2.0/gems/puma-2.11.3/lib/puma/server.rb:507:in `handle_request'
/home/phatograph/.rbenv/versions/2.2.1/lib/ruby/gems/2.2.0/gems/puma-2.11.3/lib/puma/server.rb:375:in `process_client'
/home/phatograph/.rbenv/versions/2.2.1/lib/ruby/gems/2.2.0/gems/puma-2.11.3/lib/puma/server.rb:262:in `block in run'
/home/phatograph/.rbenv/versions/2.2.1/lib/ruby/gems/2.2.0/gems/puma-2.11.3/lib/puma/thread_pool.rb:104:in `call'
/home/phatograph/.rbenv/versions/2.2.1/lib/ruby/gems/2.2.0/gems/puma-2.11.3/lib/puma/thread_pool.rb:104:in `block in spawn_thread'
2015-06-01 14:11:56 -0400: Rack app error: #<RuntimeError: Missing `secret_token` and `secret_key_base` for 'production' environment, set these values in `config/secrets.yml`>
/home/phatograph/.rbenv/versions/2.2.1/lib/ruby/gems/2.2.0/gems/railties-4.2.0/lib/rails/application.rb:520:in `validate_secret_key_config!'
/home/phatograph/.rbenv/versions/2.2.1/lib/ruby/gems/2.2.0/gems/railties-4.2.0/lib/rails/application.rb:246:in `env_config'
/home/phatograph/.rbenv/versions/2.2.1/lib/ruby/gems/2.2.0/gems/railties-4.2.0/lib/rails/engine.rb:514:in `call'
/home/phatograph/.rbenv/versions/2.2.1/lib/ruby/gems/2.2.0/gems/railties-4.2.0/lib/rails/application.rb:164:in `call'
/home/phatograph/.rbenv/versions/2.2.1/lib/ruby/gems/2.2.0/gems/puma-2.11.3/lib/puma/configuration.rb:51:in `call'
/home/phatograph/.rbenv/versions/2.2.1/lib/ruby/gems/2.2.0/gems/puma-2.11.3/lib/puma/server.rb:507:in `handle_request'
/home/phatograph/.rbenv/versions/2.2.1/lib/ruby/gems/2.2.0/gems/puma-2.11.3/lib/puma/server.rb:375:in `process_client'
/home/phatograph/.rbenv/versions/2.2.1/lib/ruby/gems/2.2.0/gems/puma-2.11.3/lib/puma/server.rb:262:in `block in run'
/home/phatograph/.rbenv/versions/2.2.1/lib/ruby/gems/2.2.0/gems/puma-2.11.3/lib/puma/thread_pool.rb:104:in `call'
/home/phatograph/.rbenv/versions/2.2.1/lib/ruby/gems/2.2.0/gems/puma-2.11.3/lib/puma/thread_pool.rb:104:in `block in spawn_thread'
2015-06-01 14:12:03 -0400: Rack app error: #<RuntimeError: Missing `secret_token` and `secret_key_base` for 'production' environment, set these values in `config/secrets.yml`>
/home/phatograph/.rbenv/versions/2.2.1/lib/ruby/gems/2.2.0/gems/railties-4.2.0/lib/rails/application.rb:520:in `validate_secret_key_config!'
/home/phatograph/.rbenv/versions/2.2.1/lib/ruby/gems/2.2.0/gems/railties-4.2.0/lib/rails/application.rb:246:in `env_config'
/home/phatograph/.rbenv/versions/2.2.1/lib/ruby/gems/2.2.0/gems/railties-4.2.0/lib/rails/engine.rb:514:in `call'
/home/phatograph/.rbenv/versions/2.2.1/lib/ruby/gems/2.2.0/gems/railties-4.2.0/lib/rails/application.rb:164:in `call'
/home/phatograph/.rbenv/versions/2.2.1/lib/ruby/gems/2.2.0/gems/puma-2.11.3/lib/puma/configuration.rb:51:in `call'
/home/phatograph/.rbenv/versions/2.2.1/lib/ruby/gems/2.2.0/gems/puma-2.11.3/lib/puma/server.rb:507:in `handle_request'
/home/phatograph/.rbenv/versions/2.2.1/lib/ruby/gems/2.2.0/gems/puma-2.11.3/lib/puma/server.rb:375:in `process_client'
/home/phatograph/.rbenv/versions/2.2.1/lib/ruby/gems/2.2.0/gems/puma-2.11.3/lib/puma/server.rb:262:in `block in run'
/home/phatograph/.rbenv/versions/2.2.1/lib/ruby/gems/2.2.0/gems/puma-2.11.3/lib/puma/thread_pool.rb:104:in `call'
/home/phatograph/.rbenv/versions/2.2.1/lib/ruby/gems/2.2.0/gems/puma-2.11.3/lib/puma/thread_pool.rb:104:in `block in spawn_thread'
=== puma startup: 2015-06-01 14:13:07 -0400 ===
2015-06-01 14:13:18 -0400: Rack app error: #<RuntimeError: Missing `secret_token` and `secret_key_base` for 'production' environment, set these values in `config/secrets.yml`>
/home/phatograph/.rbenv/versions/2.2.1/lib/ruby/gems/2.2.0/gems/railties-4.2.0/lib/rails/application.rb:520:in `validate_secret_key_config!'
/home/phatograph/.rbenv/versions/2.2.1/lib/ruby/gems/2.2.0/gems/railties-4.2.0/lib/rails/application.rb:246:in `env_config'
/home/phatograph/.rbenv/versions/2.2.1/lib/ruby/gems/2.2.0/gems/railties-4.2.0/lib/rails/engine.rb:514:in `call'
/home/phatograph/.rbenv/versions/2.2.1/lib/ruby/gems/2.2.0/gems/railties-4.2.0/lib/rails/application.rb:164:in `call'
/home/phatograph/.rbenv/versions/2.2.1/lib/ruby/gems/2.2.0/gems/puma-2.11.3/lib/puma/configuration.rb:51:in `call'
/home/phatograph/.rbenv/versions/2.2.1/lib/ruby/gems/2.2.0/gems/puma-2.11.3/lib/puma/server.rb:507:in `handle_request'
/home/phatograph/.rbenv/versions/2.2.1/lib/ruby/gems/2.2.0/gems/puma-2.11.3/lib/puma/server.rb:375:in `process_client'
/home/phatograph/.rbenv/versions/2.2.1/lib/ruby/gems/2.2.0/gems/puma-2.11.3/lib/puma/server.rb:262:in `block in run'
/home/phatograph/.rbenv/versions/2.2.1/lib/ruby/gems/2.2.0/gems/puma-2.11.3/lib/puma/thread_pool.rb:104:in `call'
/home/phatograph/.rbenv/versions/2.2.1/lib/ruby/gems/2.2.0/gems/puma-2.11.3/lib/puma/thread_pool.rb:104:in `block in spawn_thread'
2015-06-01 14:13:19 -0400: Rack app error: #<RuntimeError: Missing `secret_token` and `secret_key_base` for 'production' environment, set these values in `config/secrets.yml`>
/home/phatograph/.rbenv/versions/2.2.1/lib/ruby/gems/2.2.0/gems/railties-4.2.0/lib/rails/application.rb:520:in `validate_secret_key_config!'
/home/phatograph/.rbenv/versions/2.2.1/lib/ruby/gems/2.2.0/gems/railties-4.2.0/lib/rails/application.rb:246:in `env_config'
/home/phatograph/.rbenv/versions/2.2.1/lib/ruby/gems/2.2.0/gems/railties-4.2.0/lib/rails/engine.rb:514:in `call'
/home/phatograph/.rbenv/versions/2.2.1/lib/ruby/gems/2.2.0/gems/railties-4.2.0/lib/rails/application.rb:164:in `call'
/home/phatograph/.rbenv/versions/2.2.1/lib/ruby/gems/2.2.0/gems/puma-2.11.3/lib/puma/configuration.rb:51:in `call'
/home/phatograph/.rbenv/versions/2.2.1/lib/ruby/gems/2.2.0/gems/puma-2.11.3/lib/puma/server.rb:507:in `handle_request'
/home/phatograph/.rbenv/versions/2.2.1/lib/ruby/gems/2.2.0/gems/puma-2.11.3/lib/puma/server.rb:375:in `process_client'
/home/phatograph/.rbenv/versions/2.2.1/lib/ruby/gems/2.2.0/gems/puma-2.11.3/lib/puma/server.rb:262:in `block in run'
/home/phatograph/.rbenv/versions/2.2.1/lib/ruby/gems/2.2.0/gems/puma-2.11.3/lib/puma/thread_pool.rb:104:in `call'
/home/phatograph/.rbenv/versions/2.2.1/lib/ruby/gems/2.2.0/gems/puma-2.11.3/lib/puma/thread_pool.rb:104:in `block in spawn_thread'
=== puma startup: 2015-06-01 14:17:39 -0400 ===
2015-06-01 14:17:42 -0400: Rack app error: #<RuntimeError: Missing `secret_token` and `secret_key_base` for 'production' environment, set these values in `config/secrets.yml`>
/home/phatograph/.rbenv/versions/2.2.1/lib/ruby/gems/2.2.0/gems/railties-4.2.0/lib/rails/application.rb:520:in `validate_secret_key_config!'
/home/phatograph/.rbenv/versions/2.2.1/lib/ruby/gems/2.2.0/gems/railties-4.2.0/lib/rails/application.rb:246:in `env_config'
/home/phatograph/.rbenv/versions/2.2.1/lib/ruby/gems/2.2.0/gems/railties-4.2.0/lib/rails/engine.rb:514:in `call'
/home/phatograph/.rbenv/versions/2.2.1/lib/ruby/gems/2.2.0/gems/railties-4.2.0/lib/rails/application.rb:164:in `call'
/home/phatograph/.rbenv/versions/2.2.1/lib/ruby/gems/2.2.0/gems/puma-2.11.3/lib/puma/configuration.rb:51:in `call'
/home/phatograph/.rbenv/versions/2.2.1/lib/ruby/gems/2.2.0/gems/puma-2.11.3/lib/puma/server.rb:507:in `handle_request'
/home/phatograph/.rbenv/versions/2.2.1/lib/ruby/gems/2.2.0/gems/puma-2.11.3/lib/puma/server.rb:375:in `process_client'
/home/phatograph/.rbenv/versions/2.2.1/lib/ruby/gems/2.2.0/gems/puma-2.11.3/lib/puma/server.rb:262:in `block in run'
/home/phatograph/.rbenv/versions/2.2.1/lib/ruby/gems/2.2.0/gems/puma-2.11.3/lib/puma/thread_pool.rb:104:in `call'
/home/phatograph/.rbenv/versions/2.2.1/lib/ruby/gems/2.2.0/gems/puma-2.11.3/lib/puma/thread_pool.rb:104:in `block in spawn_thread'
=== puma startup: 2015-06-01 14:18:27 -0400 ===
=== puma startup: 2015-06-01 14:50:43 -0400 ===
=== puma startup: 2015-06-03 08:38:23 -0400 ===
2015-06-03 08:38:25 -0400: Rack app error: #<RuntimeError: Missing `secret_token` and `secret_key_base` for 'production' environment, set these values in `config/secrets.yml`>
/home/phatograph/.rbenv/versions/2.2.1/lib/ruby/gems/2.2.0/gems/railties-4.2.0/lib/rails/application.rb:520:in `validate_secret_key_config!'
/home/phatograph/.rbenv/versions/2.2.1/lib/ruby/gems/2.2.0/gems/railties-4.2.0/lib/rails/application.rb:246:in `env_config'
/home/phatograph/.rbenv/versions/2.2.1/lib/ruby/gems/2.2.0/gems/railties-4.2.0/lib/rails/engine.rb:514:in `call'
/home/phatograph/.rbenv/versions/2.2.1/lib/ruby/gems/2.2.0/gems/railties-4.2.0/lib/rails/application.rb:164:in `call'
/home/phatograph/.rbenv/versions/2.2.1/lib/ruby/gems/2.2.0/gems/puma-2.11.3/lib/puma/configuration.rb:51:in `call'
/home/phatograph/.rbenv/versions/2.2.1/lib/ruby/gems/2.2.0/gems/puma-2.11.3/lib/puma/server.rb:507:in `handle_request'
/home/phatograph/.rbenv/versions/2.2.1/lib/ruby/gems/2.2.0/gems/puma-2.11.3/lib/puma/server.rb:375:in `process_client'
/home/phatograph/.rbenv/versions/2.2.1/lib/ruby/gems/2.2.0/gems/puma-2.11.3/lib/puma/server.rb:262:in `block in run'
/home/phatograph/.rbenv/versions/2.2.1/lib/ruby/gems/2.2.0/gems/puma-2.11.3/lib/puma/thread_pool.rb:104:in `call'
/home/phatograph/.rbenv/versions/2.2.1/lib/ruby/gems/2.2.0/gems/puma-2.11.3/lib/puma/thread_pool.rb:104:in `block in spawn_thread'
2015-06-03 08:41:36 -0400: Rack app error: #<RuntimeError: Missing `secret_token` and `secret_key_base` for 'production' environment, set these values in `config/secrets.yml`>
/home/phatograph/.rbenv/versions/2.2.1/lib/ruby/gems/2.2.0/gems/railties-4.2.0/lib/rails/application.rb:520:in `validate_secret_key_config!'
/home/phatograph/.rbenv/versions/2.2.1/lib/ruby/gems/2.2.0/gems/railties-4.2.0/lib/rails/application.rb:246:in `env_config'
/home/phatograph/.rbenv/versions/2.2.1/lib/ruby/gems/2.2.0/gems/railties-4.2.0/lib/rails/engine.rb:514:in `call'
/home/phatograph/.rbenv/versions/2.2.1/lib/ruby/gems/2.2.0/gems/railties-4.2.0/lib/rails/application.rb:164:in `call'
/home/phatograph/.rbenv/versions/2.2.1/lib/ruby/gems/2.2.0/gems/puma-2.11.3/lib/puma/configuration.rb:51:in `call'
/home/phatograph/.rbenv/versions/2.2.1/lib/ruby/gems/2.2.0/gems/puma-2.11.3/lib/puma/server.rb:507:in `handle_request'
/home/phatograph/.rbenv/versions/2.2.1/lib/ruby/gems/2.2.0/gems/puma-2.11.3/lib/puma/server.rb:375:in `process_client'
/home/phatograph/.rbenv/versions/2.2.1/lib/ruby/gems/2.2.0/gems/puma-2.11.3/lib/puma/server.rb:262:in `block in run'
/home/phatograph/.rbenv/versions/2.2.1/lib/ruby/gems/2.2.0/gems/puma-2.11.3/lib/puma/thread_pool.rb:104:in `call'
/home/phatograph/.rbenv/versions/2.2.1/lib/ruby/gems/2.2.0/gems/puma-2.11.3/lib/puma/thread_pool.rb:104:in `block in spawn_thread'
=== puma startup: 2015-06-03 08:41:46 -0400 ===
2015-06-03 08:41:47 -0400: Rack app error: #<RuntimeError: Missing `secret_token` and `secret_key_base` for 'production' environment, set these values in `config/secrets.yml`>
/home/phatograph/.rbenv/versions/2.2.1/lib/ruby/gems/2.2.0/gems/railties-4.2.0/lib/rails/application.rb:520:in `validate_secret_key_config!'
/home/phatograph/.rbenv/versions/2.2.1/lib/ruby/gems/2.2.0/gems/railties-4.2.0/lib/rails/application.rb:246:in `env_config'
/home/phatograph/.rbenv/versions/2.2.1/lib/ruby/gems/2.2.0/gems/railties-4.2.0/lib/rails/engine.rb:514:in `call'
/home/phatograph/.rbenv/versions/2.2.1/lib/ruby/gems/2.2.0/gems/railties-4.2.0/lib/rails/application.rb:164:in `call'
/home/phatograph/.rbenv/versions/2.2.1/lib/ruby/gems/2.2.0/gems/puma-2.11.3/lib/puma/configuration.rb:51:in `call'
/home/phatograph/.rbenv/versions/2.2.1/lib/ruby/gems/2.2.0/gems/puma-2.11.3/lib/puma/server.rb:507:in `handle_request'
/home/phatograph/.rbenv/versions/2.2.1/lib/ruby/gems/2.2.0/gems/puma-2.11.3/lib/puma/server.rb:375:in `process_client'
/home/phatograph/.rbenv/versions/2.2.1/lib/ruby/gems/2.2.0/gems/puma-2.11.3/lib/puma/server.rb:262:in `block in run'
/home/phatograph/.rbenv/versions/2.2.1/lib/ruby/gems/2.2.0/gems/puma-2.11.3/lib/puma/thread_pool.rb:104:in `call'
/home/phatograph/.rbenv/versions/2.2.1/lib/ruby/gems/2.2.0/gems/puma-2.11.3/lib/puma/thread_pool.rb:104:in `block in spawn_thread'
2015-06-03 08:42:06 -0400: Rack app error: #<RuntimeError: Missing `secret_token` and `secret_key_base` for 'production' environment, set these values in `config/secrets.yml`>
/home/phatograph/.rbenv/versions/2.2.1/lib/ruby/gems/2.2.0/gems/railties-4.2.0/lib/rails/application.rb:520:in `validate_secret_key_config!'
/home/phatograph/.rbenv/versions/2.2.1/lib/ruby/gems/2.2.0/gems/railties-4.2.0/lib/rails/application.rb:246:in `env_config'
/home/phatograph/.rbenv/versions/2.2.1/lib/ruby/gems/2.2.0/gems/railties-4.2.0/lib/rails/engine.rb:514:in `call'
/home/phatograph/.rbenv/versions/2.2.1/lib/ruby/gems/2.2.0/gems/railties-4.2.0/lib/rails/application.rb:164:in `call'
/home/phatograph/.rbenv/versions/2.2.1/lib/ruby/gems/2.2.0/gems/puma-2.11.3/lib/puma/configuration.rb:51:in `call'
/home/phatograph/.rbenv/versions/2.2.1/lib/ruby/gems/2.2.0/gems/puma-2.11.3/lib/puma/server.rb:507:in `handle_request'
/home/phatograph/.rbenv/versions/2.2.1/lib/ruby/gems/2.2.0/gems/puma-2.11.3/lib/puma/server.rb:375:in `process_client'
/home/phatograph/.rbenv/versions/2.2.1/lib/ruby/gems/2.2.0/gems/puma-2.11.3/lib/puma/server.rb:262:in `block in run'
/home/phatograph/.rbenv/versions/2.2.1/lib/ruby/gems/2.2.0/gems/puma-2.11.3/lib/puma/thread_pool.rb:104:in `call'
/home/phatograph/.rbenv/versions/2.2.1/lib/ruby/gems/2.2.0/gems/puma-2.11.3/lib/puma/thread_pool.rb:104:in `block in spawn_thread'
=== puma startup: 2015-06-03 08:45:47 -0400 ===
=== puma startup: 2015-06-03 08:47:10 -0400 ===
=== puma startup: 2015-06-03 08:48:04 -0400 ===
